<?xml version="1.0" encoding="UTF-8"?>
<!-- Generated by org.testng.reporters.JUnitReportReporter -->
<testsuite hostname="ICS-LPT-2022-05" failures="0" tests="1" name="testcases.CreateAccount" time="1.925" errors="0" timestamp="2025-08-21T16:14:50 IST" skipped="0">
  <testcase classname="testcases.CreateAccount" name="testAccountCreation" time="1.925"/>
</testsuite> <!-- testcases.CreateAccount -->
