<?xml version="1.0" encoding="UTF-8"?>
<!-- Generated by org.testng.reporters.JUnitReportReporter -->
<testsuite hostname="ICS-LPT-2022-05" failures="0" tests="1" name="testcases.CampaignTest" time="14.844" errors="0" timestamp="2025-08-22T02:52:23 IST" skipped="0">
  <testcase classname="testcases.CampaignTest" name="testCampaignCreation" time="14.844"/>
</testsuite> <!-- testcases.CampaignTest -->
