<?xml version="1.0" encoding="UTF-8"?>
<!-- Generated by org.testng.reporters.JUnitReportReporter -->
<testsuite hostname="ICS-LPT-2022-05" failures="0" tests="1" name="testcases.CreateAccount" time="2.189" errors="0" timestamp="2025-08-22T02:52:23 IST" skipped="0">
  <testcase classname="testcases.CreateAccount" name="testAccountCreation" time="2.189"/>
</testsuite> <!-- testcases.CreateAccount -->
